<?xml version="1.0" encoding="UTF-8"?>
<!-- Generated by org.testng.reporters.JUnitReportReporter -->
<testsuite skipped="0" hostname="sony-PC" name="SamplePackage.GroupDemo" tests="1" failures="0" timestamp="25 Sep 2021 05:25:39 GMT" time="0.016" errors="0">
  <testcase name="TestA" time="0.016" classname="SamplePackage.GroupDemo"/>
</testsuite> <!-- SamplePackage.GroupDemo -->
