<?xml version="1.0" encoding="UTF-8"?>
<!-- Generated by org.testng.reporters.JUnitReportReporter -->
<testsuite skipped="0" hostname="sony-PC" name="Sample.DataProviderDemo" tests="2" failures="0" timestamp="17 Mar 2020 05:24:14 GMT" time="0.010" errors="0">
  <testcase name="run" time="0.000" classname="Sample.DataProviderDemo"/>
  <testcase name="run" time="0.010" classname="Sample.DataProviderDemo"/>
</testsuite> <!-- Sample.DataProviderDemo -->
