<?xml version="1.0" encoding="UTF-8"?>
<!-- Generated by org.testng.reporters.JUnitReportReporter -->
<testsuite skipped="0" hostname="sony-PC" name="Sample.FirefoxDriverIframe" tests="1" failures="0" timestamp="23 Oct 2021 15:50:47 GMT" time="58.615" errors="0">
  <testcase name="iframe" time="58.615" classname="Sample.FirefoxDriverIframe"/>
</testsuite> <!-- Sample.FirefoxDriverIframe -->
