<?xml version="1.0" encoding="UTF-8"?>
<!-- Generated by org.testng.reporters.JUnitReportReporter -->
<testsuite skipped="0" hostname="sony-PC" name="Sample.Checkbox" tests="1" failures="0" timestamp="13 Mar 2020 03:17:30 GMT" time="11.269" errors="0">
  <testcase name="checkBox" time="11.269" classname="Sample.Checkbox"/>
</testsuite> <!-- Sample.Checkbox -->
