<?xml version="1.0" encoding="UTF-8"?>
<!-- Generated by org.testng.reporters.JUnitReportReporter -->
<testsuite skipped="0" hostname="sony-PC" name="Sample.Alert" tests="1" failures="0" timestamp="18 Sep 2021 17:29:03 GMT" time="11.234" errors="0">
  <testcase name="alert" time="11.234" classname="Sample.Alert"/>
</testsuite> <!-- Sample.Alert -->
