<?xml version="1.0" encoding="UTF-8"?>
<!-- Generated by org.testng.reporters.JUnitReportReporter -->
<testsuite skipped="0" hostname="sony-PC" name="Sample.MouseHover" tests="1" failures="0" timestamp="06 Oct 2021 01:58:30 GMT" time="52.818" errors="0">
  <testcase name="frameSwitch" time="52.818" classname="Sample.MouseHover"/>
</testsuite> <!-- Sample.MouseHover -->
