<?xml version="1.0" encoding="UTF-8"?>
<!-- Generated by org.testng.reporters.JUnitReportReporter -->
<testsuite skipped="0" hostname="sony-PC" name="Sample.SwitchTab" tests="1" failures="0" timestamp="05 Apr 2020 11:17:50 GMT" time="25.773" errors="0">
  <testcase name="switchTab" time="25.773" classname="Sample.SwitchTab"/>
</testsuite> <!-- Sample.SwitchTab -->
