<?xml version="1.0" encoding="UTF-8"?>
<!-- Generated by org.testng.reporters.JUnitReportReporter -->
<testsuite skipped="0" hostname="sony-PC" name="Sample.Waits" tests="1" failures="0" timestamp="07 Oct 2021 18:04:27 GMT" time="51.957" errors="0">
  <testcase name="waitFunction" time="51.957" classname="Sample.Waits"/>
</testsuite> <!-- Sample.Waits -->
