<?xml version="1.0" encoding="UTF-8"?>
<!-- Generated by org.testng.reporters.JUnitReportReporter -->
<testsuite skipped="0" hostname="sony-PC" name="Sample.Clicks" tests="1" failures="0" timestamp="24 Oct 2021 10:26:59 GMT" time="44.239" errors="0">
  <testcase name="clicks" time="44.239" classname="Sample.Clicks"/>
</testsuite> <!-- Sample.Clicks -->
