<?xml version="1.0" encoding="UTF-8"?>
<!-- Generated by org.testng.reporters.JUnitReportReporter -->
<testsuite skipped="0" hostname="sony-PC" name="Sample.DropDown" tests="1" failures="0" timestamp="12 Mar 2020 05:58:09 GMT" time="7.830" errors="0">
  <testcase name="dropDown" time="7.830" classname="Sample.DropDown"/>
</testsuite> <!-- Sample.DropDown -->
