<?xml version="1.0" encoding="UTF-8"?>
<!-- Generated by org.testng.reporters.JUnitReportReporter -->
<testsuite skipped="0" hostname="sony-PC" name="TestScripts.TestCase1" tests="1" failures="0" timestamp="05 Dec 2021 17:52:29 GMT" time="38.169" errors="0">
  <testcase name="discountVerification" time="38.169" classname="TestScripts.TestCase1"/>
</testsuite> <!-- TestScripts.TestCase1 -->
