<?xml version="1.0" encoding="UTF-8"?>
<!-- Generated by org.testng.reporters.JUnitReportReporter -->
<testsuite skipped="0" hostname="sony-PC" name="Sample.SuggestionClass" tests="1" failures="0" timestamp="12 Mar 2020 03:43:04 GMT" time="17.284" errors="0">
  <testcase name="suggestionClass" time="17.284" classname="Sample.SuggestionClass"/>
</testsuite> <!-- Sample.SuggestionClass -->
