<?xml version="1.0" encoding="UTF-8"?>
<!-- Generated by org.testng.reporters.JUnitReportReporter -->
<testsuite skipped="0" hostname="sony-PC" name="Sample.HideShow" tests="1" failures="0" timestamp="31 Mar 2021 06:16:15 GMT" time="29.587" errors="0">
  <testcase name="hideshow" time="29.587" classname="Sample.HideShow"/>
</testsuite> <!-- Sample.HideShow -->
