<?xml version="1.0" encoding="UTF-8"?>
<!-- Generated by org.testng.reporters.JUnitReportReporter -->
<testsuite skipped="0" hostname="sony-PC" name="Sample.NavigationDemo" tests="1" failures="0" timestamp="31 Jan 2020 05:32:50 GMT" time="21.158" errors="0">
  <testcase name="Navigation" time="21.158" classname="Sample.NavigationDemo"/>
</testsuite> <!-- Sample.NavigationDemo -->
