<?xml version="1.0" encoding="UTF-8"?>
<!-- Generated by org.testng.reporters.JUnitReportReporter -->
<testsuite skipped="0" hostname="sony-PC" name="Sample.ActionClass" tests="1" failures="0" timestamp="06 Oct 2021 04:12:19 GMT" time="29.356" errors="0">
  <testcase name="slider" time="29.356" classname="Sample.ActionClass"/>
</testsuite> <!-- Sample.ActionClass -->
