<?xml version="1.0" encoding="UTF-8"?>
<!-- Generated by org.testng.reporters.JUnitReportReporter -->
<testsuite skipped="0" hostname="sony-PC" name="Sample.NavigationDemo" tests="1" failures="0" timestamp="06 Feb 2020 05:21:12 GMT" time="24.509" errors="0">
  <testcase name="Navigation" time="24.509" classname="Sample.NavigationDemo"/>
</testsuite> <!-- Sample.NavigationDemo -->
