<?xml version="1.0" encoding="UTF-8"?>
<!-- Generated by org.testng.reporters.JUnitReportReporter -->
<testsuite skipped="0" hostname="sony-PC" name="Sample.IFrameDemo" tests="1" failures="0" timestamp="05 Oct 2021 03:06:35 GMT" time="49.963" errors="0">
  <testcase name="frameSwitch" time="49.963" classname="Sample.IFrameDemo"/>
</testsuite> <!-- Sample.IFrameDemo -->
