<?xml version="1.0" encoding="UTF-8"?>
<!-- Generated by org.testng.reporters.JUnitReportReporter -->
<testsuite skipped="0" hostname="sony-PC" name="Sample.Waits" tests="1" failures="0" timestamp="11 Oct 2021 03:46:25 GMT" time="118.391" errors="0">
  <testcase name="waitFunction" time="118.391" classname="Sample.Waits"/>
</testsuite> <!-- Sample.Waits -->
