<?xml version="1.0" encoding="UTF-8"?>
<!-- Generated by org.testng.reporters.JUnitReportReporter -->
<testsuite skipped="0" hostname="sony-PC" name="Sample.SwitchWindow" tests="1" failures="0" timestamp="05 Apr 2020 07:29:07 GMT" time="31.747" errors="0">
  <testcase name="switchWindow" time="31.747" classname="Sample.SwitchWindow"/>
</testsuite> <!-- Sample.SwitchWindow -->
