<?xml version="1.0" encoding="UTF-8"?>
<!-- Generated by org.testng.reporters.JUnitReportReporter -->
<testsuite skipped="0" hostname="sony-PC" name="Sample.Clicks" tests="1" failures="0" timestamp="05 Dec 2021 17:11:31 GMT" time="51.370" errors="0">
  <testcase name="clicks" time="51.370" classname="Sample.Clicks"/>
</testsuite> <!-- Sample.Clicks -->
