<?xml version="1.0" encoding="UTF-8"?>
<!-- Generated by org.testng.reporters.JUnitReportReporter -->
<testsuite skipped="0" hostname="sony-PC" name="Sample.TestNG" tests="3" failures="0" timestamp="25 Sep 2021 05:21:21 GMT" time="0.016" errors="0">
  <testcase name="testb" time="0.000" classname="Sample.TestNG"/>
  <testcase name="testa" time="0.016" classname="Sample.TestNG"/>
  <testcase name="testc" time="0.000" classname="Sample.TestNG"/>
</testsuite> <!-- Sample.TestNG -->
