<?xml version="1.0" encoding="UTF-8"?>
<!-- Generated by org.testng.reporters.JUnitReportReporter -->
<testsuite skipped="0" hostname="sony-PC" name="Sample.NavigationDemo" tests="1" failures="0" timestamp="12 Mar 2020 02:26:18 GMT" time="15.212" errors="0">
  <testcase name="Navigation" time="15.212" classname="Sample.NavigationDemo"/>
</testsuite> <!-- Sample.NavigationDemo -->
