<?xml version="1.0" encoding="UTF-8"?>
<!-- Generated by org.testng.reporters.JUnitReportReporter -->
<testsuite skipped="0" hostname="sony-PC" name="Sample.Alert" tests="1" failures="0" timestamp="19 May 2020 06:17:17 GMT" time="8.351" errors="0">
  <testcase name="alert" time="8.351" classname="Sample.Alert"/>
</testsuite> <!-- Sample.Alert -->
