<?xml version="1.0" encoding="UTF-8"?>
<!-- Generated by org.testng.reporters.JUnitReportReporter -->
<testsuite skipped="0" hostname="sony-PC" name="SamplePackage.Series2" tests="3" failures="0" timestamp="23 Oct 2021 11:51:18 GMT" time="0.015" errors="0">
  <testcase name="testa" time="0.015" classname="SamplePackage.Series2"/>
  <testcase name="testc" time="0.000" classname="SamplePackage.Series2"/>
  <testcase name="testb" time="0.000" classname="SamplePackage.Series2"/>
</testsuite> <!-- SamplePackage.Series2 -->
